<?xml version="1.0" encoding="UTF-8"?>
<testsuite name="com.jojoldu.book.springboot.web.IndexControllerTest" tests="1" skipped="0" failures="0" errors="0" timestamp="2020-01-12T10:47:34" hostname="DESKTOP-3L0SC52" time="0.256">
  <properties/>
  <testcase name="메인페이지_로딩" classname="com.jojoldu.book.springboot.web.IndexControllerTest" time="0.256"/>
  <system-out><![CDATA[2020-01-12 19:47:30.185  INFO 11332 --- [    Test worker] .b.t.c.SpringBootTestContextBootstrapper : Neither @ContextConfiguration nor @ContextHierarchy found for test class [com.jojoldu.book.springboot.web.IndexControllerTest], using SpringBootContextLoader
2020-01-12 19:47:30.187  INFO 11332 --- [    Test worker] o.s.t.c.support.AbstractContextLoader    : Could not detect default resource locations for test class [com.jojoldu.book.springboot.web.IndexControllerTest]: no resource found for suffixes {-context.xml, Context.groovy}.
2020-01-12 19:47:30.187  INFO 11332 --- [    Test worker] t.c.s.AnnotationConfigContextLoaderUtils : Could not detect default configuration classes for test class [com.jojoldu.book.springboot.web.IndexControllerTest]: IndexControllerTest does not declare any static, non-private, non-final, nested classes annotated with @Configuration.
2020-01-12 19:47:30.189  INFO 11332 --- [    Test worker] .b.t.c.SpringBootTestContextBootstrapper : Found @SpringBootConfiguration com.jojoldu.book.springboot.Application for test class com.jojoldu.book.springboot.web.IndexControllerTest
2020-01-12 19:47:30.191  INFO 11332 --- [    Test worker] .b.t.c.SpringBootTestContextBootstrapper : Loaded default TestExecutionListener class names from location [META-INF/spring.factories]: [org.springframework.security.test.context.support.WithSecurityContextTestExecutionListener, org.springframework.security.test.context.support.ReactorContextTestExecutionListener, org.springframework.boot.test.autoconfigure.restdocs.RestDocsTestExecutionListener, org.springframework.boot.test.autoconfigure.web.client.MockRestServiceServerResetTestExecutionListener, org.springframework.boot.test.autoconfigure.web.servlet.MockMvcPrintOnlyOnFailureTestExecutionListener, org.springframework.boot.test.autoconfigure.web.servlet.WebDriverTestExecutionListener, org.springframework.boot.test.mock.mockito.MockitoTestExecutionListener, org.springframework.boot.test.mock.mockito.ResetMocksTestExecutionListener, org.springframework.test.context.web.ServletTestExecutionListener, org.springframework.test.context.support.DirtiesContextBeforeModesTestExecutionListener, org.springframework.test.context.support.DependencyInjectionTestExecutionListener, org.springframework.test.context.support.DirtiesContextTestExecutionListener, org.springframework.test.context.transaction.TransactionalTestExecutionListener, org.springframework.test.context.jdbc.SqlScriptsTestExecutionListener]
2020-01-12 19:47:30.192  INFO 11332 --- [    Test worker] .b.t.c.SpringBootTestContextBootstrapper : Using TestExecutionListeners: [org.springframework.test.context.web.ServletTestExecutionListener@5d27231f, org.springframework.test.context.support.DirtiesContextBeforeModesTestExecutionListener@6dad37a0, org.springframework.boot.test.mock.mockito.MockitoTestExecutionListener@3a130dcb, org.springframework.boot.test.autoconfigure.SpringBootDependencyInjectionTestExecutionListener@70cacd7, org.springframework.test.context.support.DirtiesContextTestExecutionListener@635758f2, org.springframework.test.context.transaction.TransactionalTestExecutionListener@6743630f, org.springframework.test.context.jdbc.SqlScriptsTestExecutionListener@451c5779, org.springframework.security.test.context.support.WithSecurityContextTestExecutionListener@27943119, org.springframework.security.test.context.support.ReactorContextTestExecutionListener@7e5d6dd1, org.springframework.boot.test.autoconfigure.restdocs.RestDocsTestExecutionListener@2fa220e, org.springframework.boot.test.autoconfigure.web.client.MockRestServiceServerResetTestExecutionListener@257a0ab7, org.springframework.boot.test.autoconfigure.web.servlet.MockMvcPrintOnlyOnFailureTestExecutionListener@23e0fbf8, org.springframework.boot.test.autoconfigure.web.servlet.WebDriverTestExecutionListener@364629b0, org.springframework.boot.test.mock.mockito.ResetMocksTestExecutionListener@65ff8724]

  .   ____          _            __ _ _
 /\\ / ___'_ __ _ _(_)_ __  __ _ \ \ \ \
( ( )\___ | '_ | '_| | '_ \/ _` | \ \ \ \
 \\/  ___)| |_)| | | | | || (_| |  ) ) ) )
  '  |____| .__|_| |_|_| |_\__, | / / / /
 =========|_|==============|___/=/_/_/_/
 :: Spring Boot ::        (v2.1.7.RELEASE)

2020-01-12 19:47:30.306  INFO 11332 --- [    Test worker] c.j.b.s.web.IndexControllerTest          : Starting IndexControllerTest on DESKTOP-3L0SC52 with PID 11332 (started by efefe in C:\0_nodoudt-project\sandbox\spring-boot-book-1\freelec-springboot2-webservice)
2020-01-12 19:47:30.307  INFO 11332 --- [    Test worker] c.j.b.s.web.IndexControllerTest          : The following profiles are active: oauth
2020-01-12 19:47:30.742  INFO 11332 --- [    Test worker] .s.d.r.c.RepositoryConfigurationDelegate : Bootstrapping Spring Data repositories in DEFAULT mode.
2020-01-12 19:47:30.812  INFO 11332 --- [    Test worker] .s.d.r.c.RepositoryConfigurationDelegate : Finished Spring Data repository scanning in 70ms. Found 2 repository interfaces.
2020-01-12 19:47:30.972  INFO 11332 --- [    Test worker] trationDelegate$BeanPostProcessorChecker : Bean 'org.springframework.transaction.annotation.ProxyTransactionManagementConfiguration' of type [org.springframework.transaction.annotation.ProxyTransactionManagementConfiguration$$EnhancerBySpringCGLIB$$b8a45601] is not eligible for getting processed by all BeanPostProcessors (for example: not eligible for auto-proxying)
2020-01-12 19:47:31.354  INFO 11332 --- [    Test worker] o.s.b.w.embedded.tomcat.TomcatWebServer  : Tomcat initialized with port(s): 0 (http)
2020-01-12 19:47:31.393  INFO 11332 --- [    Test worker] o.apache.catalina.core.StandardService   : Starting service [Tomcat]
2020-01-12 19:47:31.394  INFO 11332 --- [    Test worker] org.apache.catalina.core.StandardEngine  : Starting Servlet engine: [Apache Tomcat/9.0.22]
2020-01-12 19:47:31.745  INFO 11332 --- [    Test worker] o.a.c.c.C.[Tomcat].[localhost].[/]       : Initializing Spring embedded WebApplicationContext
2020-01-12 19:47:31.745  INFO 11332 --- [    Test worker] o.s.web.context.ContextLoader            : Root WebApplicationContext: initialization completed in 1435 ms
2020-01-12 19:47:32.079  INFO 11332 --- [    Test worker] com.zaxxer.hikari.HikariDataSource       : HikariPool-2 - Starting...
2020-01-12 19:47:32.080  INFO 11332 --- [    Test worker] com.zaxxer.hikari.HikariDataSource       : HikariPool-2 - Start completed.
2020-01-12 19:47:32.179  INFO 11332 --- [    Test worker] o.hibernate.jpa.internal.util.LogHelper  : HHH000204: Processing PersistenceUnitInfo [
	name: default
	...]
2020-01-12 19:47:32.214  INFO 11332 --- [    Test worker] org.hibernate.dialect.Dialect            : HHH000400: Using dialect: org.hibernate.dialect.MySQL5InnoDBDialect
Hibernate: drop table if exists posts
Hibernate: drop table if exists user
Hibernate: create table posts (id bigint not null auto_increment, created_date datetime, modified_date datetime, author varchar(255), content TEXT not null, title varchar(500) not null, primary key (id)) engine=InnoDB
Hibernate: create table user (id bigint not null auto_increment, created_date datetime, modified_date datetime, email varchar(255) not null, name varchar(255) not null, picture varchar(255), role varchar(255) not null, primary key (id)) engine=InnoDB
2020-01-12 19:47:32.345  INFO 11332 --- [    Test worker] o.h.t.schema.internal.SchemaCreatorImpl  : HHH000476: Executing import script 'org.hibernate.tool.schema.internal.exec.ScriptSourceInputNonExistentImpl@2a338008'
2020-01-12 19:47:32.346  INFO 11332 --- [    Test worker] j.LocalContainerEntityManagerFactoryBean : Initialized JPA EntityManagerFactory for persistence unit 'default'
2020-01-12 19:47:32.998  INFO 11332 --- [    Test worker] o.h.h.i.QueryTranslatorFactoryInitiator  : HHH000397: Using ASTQueryTranslatorFactory
2020-01-12 19:47:33.251  INFO 11332 --- [    Test worker] o.s.s.web.DefaultSecurityFilterChain     : Creating filter chain: any request, [org.springframework.security.web.context.request.async.WebAsyncManagerIntegrationFilter@31f6c5c2, org.springframework.security.web.context.SecurityContextPersistenceFilter@49e0449f, org.springframework.security.web.header.HeaderWriterFilter@110b02a7, org.springframework.security.web.authentication.logout.LogoutFilter@743ecd57, org.springframework.security.oauth2.client.web.OAuth2AuthorizationRequestRedirectFilter@7c1da422, org.springframework.security.oauth2.client.web.OAuth2LoginAuthenticationFilter@25375003, org.springframework.security.web.authentication.ui.DefaultLoginPageGeneratingFilter@3f31a292, org.springframework.security.web.authentication.ui.DefaultLogoutPageGeneratingFilter@3c8304dc, org.springframework.security.web.savedrequest.RequestCacheAwareFilter@6587468, org.springframework.security.web.servletapi.SecurityContextHolderAwareRequestFilter@4f0f403e, org.springframework.security.web.authentication.AnonymousAuthenticationFilter@2dae9bda, org.springframework.security.web.session.SessionManagementFilter@7be175f8, org.springframework.security.web.access.ExceptionTranslationFilter@74477615, org.springframework.security.web.access.intercept.FilterSecurityInterceptor@2bc4d78f]
2020-01-12 19:47:33.578  INFO 11332 --- [    Test worker] o.s.s.concurrent.ThreadPoolTaskExecutor  : Initializing ExecutorService 'applicationTaskExecutor'
2020-01-12 19:47:33.597  WARN 11332 --- [    Test worker] aWebConfiguration$JpaWebMvcConfiguration : spring.jpa.open-in-view is enabled by default. Therefore, database queries may be performed during view rendering. Explicitly configure spring.jpa.open-in-view to disable this warning
2020-01-12 19:47:33.637  INFO 11332 --- [    Test worker] o.s.b.a.w.s.WelcomePageHandlerMapping    : Adding welcome page template: index
2020-01-12 19:47:34.097  INFO 11332 --- [    Test worker] s.a.ScheduledAnnotationBeanPostProcessor : No TaskScheduler/ScheduledExecutorService bean found for scheduled processing
2020-01-12 19:47:34.124  INFO 11332 --- [    Test worker] o.s.b.w.embedded.tomcat.TomcatWebServer  : Tomcat started on port(s): 51098 (http) with context path ''
2020-01-12 19:47:34.125  INFO 11332 --- [    Test worker] c.j.b.s.web.IndexControllerTest          : Started IndexControllerTest in 3.929 seconds (JVM running for 17.997)
2020-01-12 19:47:34.264  INFO 11332 --- [-auto-1-exec-10] o.a.c.c.C.[Tomcat].[localhost].[/]       : Initializing Spring DispatcherServlet 'dispatcherServlet'
2020-01-12 19:47:34.265  INFO 11332 --- [-auto-1-exec-10] o.s.web.servlet.DispatcherServlet        : Initializing Servlet 'dispatcherServlet'
2020-01-12 19:47:34.293  INFO 11332 --- [-auto-1-exec-10] o.s.web.servlet.DispatcherServlet        : Completed initialization in 28 ms
Hibernate: select posts0_.id as id1_0_, posts0_.created_date as created_2_0_, posts0_.modified_date as modified3_0_, posts0_.author as author4_0_, posts0_.content as content5_0_, posts0_.title as title6_0_ from posts posts0_ order by posts0_.id DESC
]]></system-out>
  <system-err><![CDATA[]]></system-err>
</testsuite>
